<?xml version="1.0" encoding="UTF-8"?>
<!-- Generated by org.testng.reporters.JUnitXMLReporter -->
<testsuite ignored="0" hostname="GLB-343-PC" failures="0" tests="3" name="Default test" time="67.107" errors="0" timestamp="17 Oct 2018 06:53:47 GMT">
  <testcase classname="Log4JTest.CRMLog4j" name="login" time="14.482"/>
  <testcase classname="Log4JTest.CRMLog4j" name="logoTest" time="0.069"/>
  <testcase classname="Log4JTest.CRMLog4j" name="titleTest" time="0.019"/>
</testsuite> <!-- Default test -->
