<?xml version="1.0" encoding="UTF-8"?>
<!-- Generated by org.testng.reporters.JUnitXMLReporter -->
<testsuite ignored="0" hostname="GLB-343-PC" failures="1" tests="1" name="Default test" time="10.217" errors="0" timestamp="16 Oct 2018 07:56:16 GMT">
  <testcase classname="SikuliForFlashObject.FlashObjectHandle" name="youtubeFlashObject" time="5.774">
    <failure type="java.lang.ExceptionInInitializerError">
      <![CDATA[java.lang.ExceptionInInitializerError
at SikuliForFlashObject.FlashObjectHandle.youtubeFlashObject(FlashObjectHandle.java:33)
at java.base/jdk.internal.reflect.NativeMethodAccessorImpl.invoke0(Native Method)
at java.base/jdk.internal.reflect.NativeMethodAccessorImpl.invoke(NativeMethodAccessorImpl.java:62)
at java.base/jdk.internal.reflect.DelegatingMethodAccessorImpl.invoke(DelegatingMethodAccessorImpl.java:43)
at java.base/java.lang.reflect.Method.invoke(Method.java:564)
at org.testng.internal.MethodInvocationHelper.invokeMethod(MethodInvocationHelper.java:124)
at org.testng.internal.Invoker.invokeMethod(Invoker.java:583)
at org.testng.internal.Invoker.invokeTestMethod(Invoker.java:719)
at org.testng.internal.Invoker.invokeTestMethods(Invoker.java:989)
at org.testng.internal.TestMethodWorker.invokeTestMethods(TestMethodWorker.java:125)
at org.testng.internal.TestMethodWorker.run(TestMethodWorker.java:109)
at org.testng.TestRunner.privateRun(TestRunner.java:648)
at org.testng.TestRunner.run(TestRunner.java:505)
at org.testng.SuiteRunner.runTest(SuiteRunner.java:455)
at org.testng.SuiteRunner.runSequentially(SuiteRunner.java:450)
at org.testng.SuiteRunner.privateRun(SuiteRunner.java:415)
at org.testng.SuiteRunner.run(SuiteRunner.java:364)
at org.testng.SuiteRunnerWorker.runSuite(SuiteRunnerWorker.java:52)
at org.testng.SuiteRunnerWorker.run(SuiteRunnerWorker.java:84)
at org.testng.TestNG.runSuitesSequentially(TestNG.java:1208)
at org.testng.TestNG.runSuitesLocally(TestNG.java:1137)
at org.testng.TestNG.runSuites(TestNG.java:1049)
at org.testng.TestNG.run(TestNG.java:1017)
at org.testng.remote.AbstractRemoteTestNG.run(AbstractRemoteTestNG.java:114)
at org.testng.remote.RemoteTestNG.initAndRun(RemoteTestNG.java:251)
at org.testng.remote.RemoteTestNG.main(RemoteTestNG.java:77)
Caused by: java.lang.ClassCastException: java.base/jdk.internal.loader.ClassLoaders$AppClassLoader cannot be cast to java.base/java.net.URLClassLoader
at org.sikuli.script.RunTime.storeClassPath(RunTime.java:2584)
at org.sikuli.script.RunTime.isOnClasspath(RunTime.java:2634)
at org.sikuli.script.RunTime.isJarOnClasspath(RunTime.java:2658)
at org.sikuli.script.RunTime.libsExport(RunTime.java:951)
at org.sikuli.script.RunTime.init(RunTime.java:738)
at org.sikuli.script.RunTime.get(RunTime.java:312)
at org.sikuli.script.RunTime.get(RunTime.java:122)
at org.sikuli.script.RunTime.get(RunTime.java:337)
at org.sikuli.script.Region.<clinit>(Region.java:23)
... 26 more
]]>
    </failure>
  </testcase> <!-- youtubeFlashObject -->
</testsuite> <!-- Default test -->
