<?xml version="1.0" encoding="UTF-8"?>
<testng-results ignored="0" total="1" passed="1" failed="0" skipped="0">
  <reporter-output>
  </reporter-output>
  <suite started-at="2018-10-17T13:50:44Z" name="Default suite" finished-at="2018-10-17T13:51:01Z" duration-ms="16678">
    <groups>
    </groups>
    <test started-at="2018-10-17T13:50:44Z" name="Default test" finished-at="2018-10-17T13:51:01Z" duration-ms="16678">
      <class name="DifferentOperations.Test">
        <test-method signature="login()[pri:0, instance:DifferentOperations.Test@7c711375]" started-at="2018-10-17T13:50:44Z" name="login" finished-at="2018-10-17T13:51:01Z" duration-ms="16656" status="PASS">
          <reporter-output>
          </reporter-output>
        </test-method> <!-- login -->
      </class> <!-- DifferentOperations.Test -->
    </test> <!-- Default test -->
  </suite> <!-- Default suite -->
</testng-results>
