<?xml version="1.0" encoding="UTF-8"?>
<testng-results ignored="1" total="2" passed="1" failed="0" skipped="0">
  <reporter-output>
  </reporter-output>
  <suite started-at="2018-10-16T11:56:17Z" name="Default suite" finished-at="2018-10-16T11:57:15Z" duration-ms="58112">
    <groups>
    </groups>
    <test started-at="2018-10-16T11:56:17Z" name="Default test" finished-at="2018-10-16T11:57:15Z" duration-ms="58112">
      <class name="DifferentOperations.BrokenLinkTest">
        <test-method is-config="true" signature="login()[pri:0, instance:DifferentOperations.BrokenLinkTest@6404f418]" started-at="2018-10-16T11:56:17Z" name="login" finished-at="2018-10-16T11:56:21Z" duration-ms="4105" status="PASS">
          <reporter-output>
          </reporter-output>
        </test-method> <!-- login -->
        <test-method signature="testBrokenlink_2()[pri:0, instance:DifferentOperations.BrokenLinkTest@6404f418]" started-at="2018-10-16T11:56:21Z" name="testBrokenlink_2" finished-at="2018-10-16T11:57:14Z" duration-ms="53406" status="PASS">
          <reporter-output>
          </reporter-output>
        </test-method> <!-- testBrokenlink_2 -->
        <test-method is-config="true" signature="closeBrowser()[pri:0, instance:DifferentOperations.BrokenLinkTest@6404f418]" started-at="2018-10-16T11:57:14Z" name="closeBrowser" finished-at="2018-10-16T11:57:15Z" duration-ms="579" status="PASS">
          <reporter-output>
          </reporter-output>
        </test-method> <!-- closeBrowser -->
      </class> <!-- DifferentOperations.BrokenLinkTest -->
    </test> <!-- Default test -->
  </suite> <!-- Default suite -->
</testng-results>
